<?xml version="1.0" encoding="UTF-8"?>
<!-- Generated by org.testng.reporters.JUnitXMLReporter -->
<testsuite ignored="0" hostname="DESKTOP-SR6VTH5" failures="0" tests="2" name="Default test" time="0.146" errors="0" timestamp="2025-05-08T01:11:29 IST">
  <testcase classname="TestNewGeneration.ExtentReport" name="@BeforeTest startReport" time="0.094">
    <failure type="java.lang.NoClassDefFoundError" message="freemarker/template/TemplateModelException">
      <![CDATA[java.lang.NoClassDefFoundError: freemarker/template/TemplateModelException
at com.relevantcodes.extentreports.ExtentReports.<init>(ExtentReports.java:86)
at com.relevantcodes.extentreports.ExtentReports.<init>(ExtentReports.java:375)
at TestNewGeneration.ExtentReport.startReport(ExtentReport.java:28)
at java.base/jdk.internal.reflect.NativeMethodAccessorImpl.invoke0(Native Method)
at java.base/jdk.internal.reflect.NativeMethodAccessorImpl.invoke(NativeMethodAccessorImpl.java:78)
at java.base/jdk.internal.reflect.DelegatingMethodAccessorImpl.invoke(DelegatingMethodAccessorImpl.java:43)
at java.base/java.lang.reflect.Method.invoke(Method.java:567)
at org.testng.internal.MethodInvocationHelper.invokeMethod(MethodInvocationHelper.java:133)
at org.testng.internal.MethodInvocationHelper.invokeMethodConsideringTimeout(MethodInvocationHelper.java:62)
at org.testng.internal.ConfigInvoker.invokeConfigurationMethod(ConfigInvoker.java:385)
at org.testng.internal.ConfigInvoker.invokeConfigurations(ConfigInvoker.java:321)
at org.testng.TestRunner.invokeTestConfigurations(TestRunner.java:637)
at org.testng.TestRunner.beforeRun(TestRunner.java:627)
at org.testng.TestRunner.run(TestRunner.java:589)
at org.testng.SuiteRunner.runTest(SuiteRunner.java:377)
at org.testng.SuiteRunner.runSequentially(SuiteRunner.java:371)
at org.testng.SuiteRunner.privateRun(SuiteRunner.java:332)
at org.testng.SuiteRunner.run(SuiteRunner.java:276)
at org.testng.SuiteRunnerWorker.runSuite(SuiteRunnerWorker.java:53)
at org.testng.SuiteRunnerWorker.run(SuiteRunnerWorker.java:96)
at org.testng.TestNG.runSuitesSequentially(TestNG.java:1212)
at org.testng.TestNG.runSuitesLocally(TestNG.java:1134)
at org.testng.TestNG.runSuites(TestNG.java:1063)
at org.testng.TestNG.run(TestNG.java:1031)
at org.testng.remote.AbstractRemoteTestNG.run(AbstractRemoteTestNG.java:115)
at org.testng.remote.RemoteTestNG.initAndRun(RemoteTestNG.java:251)
at org.testng.remote.RemoteTestNG.main(RemoteTestNG.java:77)
Caused by: java.lang.ClassNotFoundException: freemarker.template.TemplateModelException
at java.base/jdk.internal.loader.BuiltinClassLoader.loadClass(BuiltinClassLoader.java:636)
at java.base/jdk.internal.loader.ClassLoaders$AppClassLoader.loadClass(ClassLoaders.java:182)
at java.base/java.lang.ClassLoader.loadClass(ClassLoader.java:519)
... 27 more
]]>
    </failure>
  </testcase> <!-- @BeforeTest startReport -->
  <testcase classname="TestNewGeneration.ExtentReport" name="@AfterMethod getResult" time="-1.74664688983E9">
    <skipped/>
  </testcase> <!-- @AfterMethod getResult -->
  <testcase classname="TestNewGeneration.ExtentReport" name="@AfterMethod getResult" time="-1.746646889839E9">
    <skipped/>
  </testcase> <!-- @AfterMethod getResult -->
  <testcase classname="TestNewGeneration.ExtentReport" name="@AfterTest endreport" time="-1.746646889846E9">
    <skipped/>
  </testcase> <!-- @AfterTest endreport -->
  <testcase classname="TestNewGeneration.ExtentReport" name="demoReportFail" time="0.0">
    <skipped/>
  </testcase> <!-- demoReportFail -->
  <testcase classname="TestNewGeneration.ExtentReport" name="demoReportPass" time="0.0">
    <skipped/>
  </testcase> <!-- demoReportPass -->
</testsuite> <!-- Default test -->
